<?xml version="1.0" encoding="UTF-8"?>
<testng-results ignored="0" total="1" passed="1" failed="0" skipped="0">
  <reporter-output>
  </reporter-output>
  <suite started-at="2022-05-07T13:39:08Z" name="Default suite" finished-at="2022-05-07T13:39:26Z" duration-ms="18764">
    <groups>
    </groups>
    <test started-at="2022-05-07T13:39:08Z" name="Default test" finished-at="2022-05-07T13:39:26Z" duration-ms="18764">
      <class name="directorySuite.TC_SearchResults">
        <test-method is-config="true" signature="startWebDriver()[pri:0, instance:directorySuite.TC_SearchResults@13f9ad9]" started-at="2022-05-07T08:39:08Z" name="startWebDriver" finished-at="2022-05-07T08:39:09Z" duration-ms="1519" status="PASS">
          <reporter-output>
          </reporter-output>
        </test-method> <!-- startWebDriver -->
        <test-method signature="TC_NameValidation()[pri:0, instance:directorySuite.TC_SearchResults@13f9ad9]" started-at="2022-05-07T08:39:09Z" name="TC_NameValidation" finished-at="2022-05-07T08:39:26Z" duration-ms="16959" status="PASS">
          <reporter-output>
          </reporter-output>
        </test-method> <!-- TC_NameValidation -->
        <test-method is-config="true" signature="closeDriver()[pri:0, instance:directorySuite.TC_SearchResults@13f9ad9]" started-at="2022-05-07T08:39:26Z" name="closeDriver" finished-at="2022-05-07T08:39:26Z" duration-ms="277" status="PASS">
          <reporter-output>
          </reporter-output>
        </test-method> <!-- closeDriver -->
      </class> <!-- directorySuite.TC_SearchResults -->
    </test> <!-- Default test -->
  </suite> <!-- Default suite -->
</testng-results>
